2025-09-06 13:27:11,122 - INFO - 🏊‍♂️ YMCA Volunteer Data Preparation - Step 2
2025-09-06 13:27:11,122 - INFO - ============================================================
2025-09-06 13:27:11,122 - INFO - 🧹 Cleaning output directory: data/processed
2025-09-06 13:27:11,123 - INFO -   • Removed: Raw_Data_20250906_132114.xlsx
2025-09-06 13:27:11,123 - INFO -   • Removed: Summary_Report_20250906_132114.txt
2025-09-06 13:27:11,123 - INFO -   • Removed: Y_Volunteer_2025_Statistics_20250906_132119.xlsx
2025-09-06 13:27:11,123 - INFO - 📁 Using file: data/raw/VolunteerHistory_2025-01_to_2025-08.xlsx
2025-09-06 13:27:11,241 - INFO - 
🧹 Step 2: Preparing the Data...
2025-09-06 13:27:11,241 - INFO - Initial rows: 1000
2025-09-06 13:27:11,241 - INFO - Using Hours column: 'creditedHours'
2025-09-06 13:27:11,241 - INFO - 
Hours distribution:
2025-09-06 13:27:11,244 - INFO -   0.0 hours: 10 records
2025-09-06 13:27:11,244 - INFO -   0.25 hours: 12 records
2025-09-06 13:27:11,244 - INFO -   0.5 hours: 9 records
2025-09-06 13:27:11,244 - INFO -   1.0 hours: 171 records
2025-09-06 13:27:11,244 - INFO -   1.25 hours: 3 records
2025-09-06 13:27:11,245 - INFO -   1.5 hours: 72 records
2025-09-06 13:27:11,245 - INFO -   1.75 hours: 1 records
2025-09-06 13:27:11,245 - INFO -   2.0 hours: 125 records
2025-09-06 13:27:11,245 - INFO -   2.25 hours: 1 records
2025-09-06 13:27:11,245 - INFO -   2.5 hours: 17 records
2025-09-06 13:27:11,245 - INFO -   3.0 hours: 142 records
2025-09-06 13:27:11,245 - INFO -   3.5 hours: 24 records
2025-09-06 13:27:11,245 - INFO -   3.75 hours: 1 records
2025-09-06 13:27:11,245 - INFO -   4.0 hours: 83 records
2025-09-06 13:27:11,245 - INFO -   4.5 hours: 6 records
2025-09-06 13:27:11,245 - INFO -   5.0 hours: 33 records
2025-09-06 13:27:11,245 - INFO -   6.0 hours: 37 records
2025-09-06 13:27:11,245 - INFO -   6.5 hours: 7 records
2025-09-06 13:27:11,245 - INFO -   6.75 hours: 1 records
2025-09-06 13:27:11,245 - INFO -   7.0 hours: 6 records
2025-09-06 13:27:11,245 - INFO -   7.5 hours: 4 records
2025-09-06 13:27:11,245 - INFO -   8.0 hours: 107 records
2025-09-06 13:27:11,245 - INFO -   8.5 hours: 1 records
2025-09-06 13:27:11,245 - INFO -   9.0 hours: 12 records
2025-09-06 13:27:11,245 - INFO -   10.0 hours: 3 records
2025-09-06 13:27:11,245 - INFO -   12.0 hours: 1 records
2025-09-06 13:27:11,245 - INFO -   13.5 hours: 15 records
2025-09-06 13:27:11,245 - INFO -   14.0 hours: 5 records
2025-09-06 13:27:11,245 - INFO -   15.75 hours: 1 records
2025-09-06 13:27:11,245 - INFO -   16.0 hours: 7 records
2025-09-06 13:27:11,245 - INFO -   16.75 hours: 1 records
2025-09-06 13:27:11,245 - INFO -   20.0 hours: 2 records
2025-09-06 13:27:11,245 - INFO -   22.5 hours: 17 records
2025-09-06 13:27:11,245 - INFO -   25.5 hours: 1 records
2025-09-06 13:27:11,245 - INFO -   30.0 hours: 1 records
2025-09-06 13:27:11,245 - INFO -   31.5 hours: 5 records
2025-09-06 13:27:11,245 - INFO -   32.0 hours: 43 records
2025-09-06 13:27:11,245 - INFO -   37.0 hours: 1 records
2025-09-06 13:27:11,245 - INFO -   40.0 hours: 1 records
2025-09-06 13:27:11,245 - INFO -   60.0 hours: 1 records
2025-09-06 13:27:11,245 - INFO -   62.0 hours: 1 records
2025-09-06 13:27:11,245 - INFO -   64.0 hours: 2 records
2025-09-06 13:27:11,245 - INFO -   80.0 hours: 2 records
2025-09-06 13:27:11,245 - INFO -   128.0 hours: 3 records
2025-09-06 13:27:11,245 - INFO -   180.0 hours: 2 records
2025-09-06 13:27:11,246 - INFO - 
📊 Data Cleaning Results:
2025-09-06 13:27:11,246 - INFO -   • Removed 10 rows with 0 hours
2025-09-06 13:27:11,246 - INFO -   • Remaining rows: 990
2025-09-06 13:27:11,246 - INFO -   • Volunteers with 0 hours only registered but did not complete the activity
2025-09-06 13:27:11,294 - INFO - ✅ Saved Raw Data: data/processed/Raw_Data_20250906_132711.xlsx
2025-09-06 13:27:11,294 - INFO - 
📝 Adding Step 2: Data Preparation to Summary Report...
2025-09-06 13:27:11,296 - INFO - ✅ Summary report updated: data/processed/YMCA_Volunteer_Summary_Report.txt
2025-09-06 13:27:11,297 - INFO - 
🎯 Deduplication Options Available:
2025-09-06 13:27:11,297 - INFO - 1. By Activity: df.drop_duplicates(subset=['volunteerDate', 'assignment'])
2025-09-06 13:27:11,297 - INFO - 2. By Person: df.drop_duplicates(subset=['volunteerDate'])
2025-09-06 13:27:11,297 - INFO - 3. By Location: df.drop_duplicates(subset=['volunteerDate', 'branch'])
2025-09-06 13:27:11,297 - INFO - 
📋 Next Steps:
2025-09-06 13:27:11,297 - INFO - 1. Review the Raw Data file for accuracy
2025-09-06 13:27:11,297 - INFO - 2. Apply specific deduplication logic as needed
2025-09-06 13:27:11,297 - INFO - 3. Check monthly for reporting errors
2025-09-06 13:27:11,297 - INFO - 4. Apply manual adjustments for special programs
